<?xml version="1.0" encoding="UTF-8"?>
<!-- Generated by org.testng.reporters.JUnitReportReporter -->
<testsuite skipped="0" hostname="DESKTOP-89OTHQ5" name="com.test.POI_Read" tests="2" failures="0" timestamp="16 Dec 2020 03:12:19 GMT" time="47.198" errors="0">
  <testcase name="openSheet" time="3.017" classname="com.test.POI_Read"/>
  <testcase name="loginTest" time="44.181" classname="com.test.POI_Read"/>
</testsuite> <!-- com.test.POI_Read -->
