<?xml version="1.0" encoding="UTF-8"?>
<!-- Generated by org.testng.reporters.JUnitReportReporter -->
<testsuite skipped="0" hostname="DESKTOP-89OTHQ5" name="com.test.LoginTest" tests="2" failures="0" timestamp="23 Dec 2020 02:59:18 GMT" time="3.495" errors="0">
  <testcase name="loginTest" time="3.131" classname="com.test.LoginTest"/>
  <testcase name="logoTest" time="0.364" classname="com.test.LoginTest"/>
</testsuite> <!-- com.test.LoginTest -->
