<?xml version="1.0" encoding="UTF-8"?>
<!-- Generated by org.testng.reporters.JUnitReportReporter -->
<testsuite skipped="0" hostname="DESKTOP-89OTHQ5" name="com.test.DemoTest" tests="1" failures="0" timestamp="21 Dec 2020 03:05:55 GMT" time="12.557" errors="0">
  <testcase name="loginTest" time="12.557" classname="com.test.DemoTest"/>
</testsuite> <!-- com.test.DemoTest -->
