<?xml version="1.0" encoding="UTF-8"?>
<!-- Generated by org.testng.reporters.JUnitReportReporter -->
<testsuite skipped="0" hostname="DESKTOP-89OTHQ5" name="com.test.DashboardTest" tests="1" failures="0" timestamp="23 Dec 2020 02:59:18 GMT" time="0.569" errors="0">
  <testcase name="verifyCourses" time="0.569" classname="com.test.DashboardTest"/>
</testsuite> <!-- com.test.DashboardTest -->
