<?xml version="1.0" encoding="UTF-8"?>
<!-- Generated by org.testng.reporters.JUnitReportReporter -->
<testsuite skipped="1" hostname="DESKTOP-89OTHQ5" name="com.test.DashboardTest" tests="1" failures="0" timestamp="07 Jan 2021 02:53:41 GMT" time="0.000" errors="0">
  <testcase name="verifyCourses" time="0.000" classname="com.test.DashboardTest">
    <skipped/>
  </testcase> <!-- verifyCourses -->
</testsuite> <!-- com.test.DashboardTest -->
