<?xml version="1.0" encoding="UTF-8"?>
<!-- Generated by org.testng.reporters.JUnitReportReporter -->
<testsuite skipped="0" hostname="DESKTOP-89OTHQ5" name="com.test.POI_Read" tests="2" failures="0" timestamp="16 Dec 2020 03:19:34 GMT" time="42.058" errors="0">
  <testcase name="openSheet" time="4.404" classname="com.test.POI_Read"/>
  <testcase name="loginTest" time="37.654" classname="com.test.POI_Read"/>
</testsuite> <!-- com.test.POI_Read -->
