<?xml version="1.0" encoding="UTF-8"?>
<!-- Generated by org.testng.reporters.JUnitReportReporter -->
<testsuite skipped="0" hostname="DESKTOP-89OTHQ5" name="com.test.DemoTest" tests="2" failures="0" timestamp="16 Dec 2020 03:19:34 GMT" time="26.937" errors="0">
  <testcase name="test01" time="17.145" classname="com.test.DemoTest"/>
  <testcase name="test02" time="9.792" classname="com.test.DemoTest"/>
</testsuite> <!-- com.test.DemoTest -->
